2023-09-01T10:15:18.447+05:30  INFO 9276 --- [main] com.example.day8.LoggerApplication       : Starting LoggerApplication using Java 17.0.7 with PID 9276 (C:\Users\Naveen S\Documents\workspace-spring-tool-suite-4-4.19.1.RELEASE\logger\target\classes started by Naveen S in C:\Users\Naveen S\Documents\workspace-spring-tool-suite-4-4.19.1.RELEASE\logger)
2023-09-01T10:15:18.449+05:30  INFO 9276 --- [main] com.example.day8.LoggerApplication       : No active profile set, falling back to 1 default profile: "default"
2023-09-01T10:15:19.104+05:30  INFO 9276 --- [main] o.s.b.w.embedded.tomcat.TomcatWebServer  : Tomcat initialized with port(s): 8083 (http)
2023-09-01T10:15:19.113+05:30  INFO 9276 --- [main] o.apache.catalina.core.StandardService   : Starting service [Tomcat]
2023-09-01T10:15:19.113+05:30  INFO 9276 --- [main] o.apache.catalina.core.StandardEngine    : Starting Servlet engine: [Apache Tomcat/10.1.12]
2023-09-01T10:15:19.206+05:30  INFO 9276 --- [main] o.a.c.c.C.[Tomcat].[localhost].[/]       : Initializing Spring embedded WebApplicationContext
2023-09-01T10:15:19.207+05:30  INFO 9276 --- [main] w.s.c.ServletWebServerApplicationContext : Root WebApplicationContext: initialization completed in 710 ms
2023-09-01T10:15:19.545+05:30  INFO 9276 --- [main] o.s.b.w.embedded.tomcat.TomcatWebServer  : Tomcat started on port(s): 8083 (http) with context path ''
2023-09-01T10:15:19.556+05:30  INFO 9276 --- [main] com.example.day8.LoggerApplication       : Started LoggerApplication in 1.48 seconds (process running for 2.177)
2023-09-01T10:15:27.348+05:30  INFO 9276 --- [RMI TCP Connection(2)-127.0.0.1] inMXBeanRegistrar$SpringApplicationAdmin : Application shutdown requested.
2023-09-01T10:15:27.366+05:30  INFO 9276 --- [RMI TCP Connection(2)-127.0.0.1] o.apache.catalina.core.StandardService   : Stopping service [Tomcat]
2023-09-01T10:15:31.649+05:30  INFO 10436 --- [main] com.example.day8.LoggerApplication       : Starting LoggerApplication using Java 17.0.7 with PID 10436 (C:\Users\Naveen S\Documents\workspace-spring-tool-suite-4-4.19.1.RELEASE\logger\target\classes started by Naveen S in C:\Users\Naveen S\Documents\workspace-spring-tool-suite-4-4.19.1.RELEASE\logger)
2023-09-01T10:15:31.652+05:30  INFO 10436 --- [main] com.example.day8.LoggerApplication       : No active profile set, falling back to 1 default profile: "default"
2023-09-01T10:15:32.259+05:30  INFO 10436 --- [main] o.s.b.w.embedded.tomcat.TomcatWebServer  : Tomcat initialized with port(s): 8083 (http)
2023-09-01T10:15:32.269+05:30  INFO 10436 --- [main] o.apache.catalina.core.StandardService   : Starting service [Tomcat]
2023-09-01T10:15:32.269+05:30  INFO 10436 --- [main] o.apache.catalina.core.StandardEngine    : Starting Servlet engine: [Apache Tomcat/10.1.12]
2023-09-01T10:15:32.354+05:30  INFO 10436 --- [main] o.a.c.c.C.[Tomcat].[localhost].[/]       : Initializing Spring embedded WebApplicationContext
2023-09-01T10:15:32.355+05:30  INFO 10436 --- [main] w.s.c.ServletWebServerApplicationContext : Root WebApplicationContext: initialization completed in 652 ms
2023-09-01T10:15:32.624+05:30  INFO 10436 --- [main] o.s.b.w.embedded.tomcat.TomcatWebServer  : Tomcat started on port(s): 8083 (http) with context path ''
2023-09-01T10:15:32.631+05:30  INFO 10436 --- [main] com.example.day8.LoggerApplication       : Started LoggerApplication in 1.311 seconds (process running for 1.939)
2023-09-01T10:17:52.855+05:30  INFO 10436 --- [RMI TCP Connection(10)-127.0.0.1] inMXBeanRegistrar$SpringApplicationAdmin : Application shutdown requested.
2023-09-01T10:17:52.869+05:30  INFO 10436 --- [RMI TCP Connection(10)-127.0.0.1] o.apache.catalina.core.StandardService   : Stopping service [Tomcat]
